<?xml version="1.0" encoding="UTF-8"?>
<coverage generated="1774641063251" clover="3.2.0">
  <project timestamp="1774641063251" name="All files">
    <metrics statements="24" coveredstatements="24" conditionals="0" coveredconditionals="0" methods="10" coveredmethods="10" elements="34" coveredelements="34" complexity="0" loc="24" ncloc="24" packages="1" files="1" classes="1"/>
    <file name="errors.ts" path="/tmp/agent-backend-r_qckxzq/transaction_posting_service/src/utils/errors.ts">
      <metrics statements="24" coveredstatements="24" conditionals="0" coveredconditionals="0" methods="10" coveredmethods="10"/>
      <line num="1" count="1" type="stmt"/>
      <line num="3" count="59" type="stmt"/>
      <line num="4" count="59" type="stmt"/>
      <line num="7" count="59" type="stmt"/>
      <line num="8" count="59" type="stmt"/>
      <line num="9" count="59" type="stmt"/>
      <line num="13" count="1" type="stmt"/>
      <line num="15" count="6" type="stmt"/>
      <line num="19" count="1" type="stmt"/>
      <line num="21" count="6" type="stmt"/>
      <line num="25" count="1" type="stmt"/>
      <line num="27" count="6" type="stmt"/>
      <line num="31" count="1" type="stmt"/>
      <line num="33" count="6" type="stmt"/>
      <line num="37" count="1" type="stmt"/>
      <line num="39" count="6" type="stmt"/>
      <line num="43" count="1" type="stmt"/>
      <line num="45" count="6" type="stmt"/>
      <line num="53" count="1" type="stmt"/>
      <line num="55" count="6" type="stmt"/>
      <line num="59" count="1" type="stmt"/>
      <line num="61" count="7" type="stmt"/>
      <line num="65" count="1" type="stmt"/>
      <line num="67" count="6" type="stmt"/>
    </file>
  </project>
</coverage>
