{"/tmp/agent-backend-r_qckxzq/transaction_posting_service/src/utils/errors.ts": {"path":"/tmp/agent-backend-r_qckxzq/transaction_posting_service/src/utils/errors.ts","statementMap":{"0":{"start":{"line":7,"column":4},"end":{"line":7,"column":19}},"1":{"start":{"line":3,"column":11},"end":{"line":3,"column":29}},"2":{"start":{"line":4,"column":11},"end":{"line":4,"column":28}},"3":{"start":{"line":8,"column":4},"end":{"line":8,"column":38}},"4":{"start":{"line":9,"column":4},"end":{"line":9,"column":52}},"5":{"start":{"line":1,"column":0},"end":{"line":1,"column":13}},"6":{"start":{"line":15,"column":4},"end":{"line":15,"column":87}},"7":{"start":{"line":13,"column":0},"end":{"line":13,"column":13}},"8":{"start":{"line":21,"column":4},"end":{"line":21,"column":96}},"9":{"start":{"line":19,"column":0},"end":{"line":19,"column":13}},"10":{"start":{"line":27,"column":4},"end":{"line":27,"column":74}},"11":{"start":{"line":25,"column":0},"end":{"line":25,"column":13}},"12":{"start":{"line":33,"column":4},"end":{"line":33,"column":69}},"13":{"start":{"line":31,"column":0},"end":{"line":31,"column":13}},"14":{"start":{"line":39,"column":4},"end":{"line":39,"column":88}},"15":{"start":{"line":37,"column":0},"end":{"line":37,"column":13}},"16":{"start":{"line":45,"column":4},"end":{"line":49,"column":6}},"17":{"start":{"line":43,"column":0},"end":{"line":43,"column":13}},"18":{"start":{"line":55,"column":4},"end":{"line":55,"column":56}},"19":{"start":{"line":53,"column":0},"end":{"line":53,"column":13}},"20":{"start":{"line":61,"column":4},"end":{"line":61,"column":74}},"21":{"start":{"line":59,"column":0},"end":{"line":59,"column":13}},"22":{"start":{"line":67,"column":4},"end":{"line":67,"column":94}},"23":{"start":{"line":65,"column":0},"end":{"line":65,"column":13}}},"fnMap":{"0":{"name":"(anonymous_0)","decl":{"start":{"line":2,"column":2},"end":{"line":2,"column":null}},"loc":{"start":{"line":5,"column":19},"end":{"line":10,"column":3}}},"1":{"name":"(anonymous_1)","decl":{"start":{"line":14,"column":2},"end":{"line":14,"column":14}},"loc":{"start":{"line":14,"column":34},"end":{"line":16,"column":3}}},"2":{"name":"(anonymous_2)","decl":{"start":{"line":20,"column":2},"end":{"line":20,"column":null}},"loc":{"start":{"line":20,"column":2},"end":{"line":22,"column":3}}},"3":{"name":"(anonymous_3)","decl":{"start":{"line":26,"column":2},"end":{"line":26,"column":14}},"loc":{"start":{"line":26,"column":31},"end":{"line":28,"column":3}}},"4":{"name":"(anonymous_4)","decl":{"start":{"line":32,"column":2},"end":{"line":32,"column":14}},"loc":{"start":{"line":32,"column":32},"end":{"line":34,"column":3}}},"5":{"name":"(anonymous_5)","decl":{"start":{"line":38,"column":2},"end":{"line":38,"column":null}},"loc":{"start":{"line":38,"column":2},"end":{"line":40,"column":3}}},"6":{"name":"(anonymous_6)","decl":{"start":{"line":44,"column":2},"end":{"line":44,"column":14}},"loc":{"start":{"line":44,"column":65},"end":{"line":50,"column":3}}},"7":{"name":"(anonymous_7)","decl":{"start":{"line":54,"column":2},"end":{"line":54,"column":null}},"loc":{"start":{"line":54,"column":2},"end":{"line":56,"column":3}}},"8":{"name":"(anonymous_8)","decl":{"start":{"line":60,"column":2},"end":{"line":60,"column":14}},"loc":{"start":{"line":60,"column":29},"end":{"line":62,"column":3}}},"9":{"name":"(anonymous_9)","decl":{"start":{"line":66,"column":2},"end":{"line":66,"column":null}},"loc":{"start":{"line":66,"column":2},"end":{"line":68,"column":3}}}},"branchMap":{},"s":{"0":59,"1":59,"2":59,"3":59,"4":59,"5":1,"6":6,"7":1,"8":6,"9":1,"10":6,"11":1,"12":6,"13":1,"14":6,"15":1,"16":6,"17":1,"18":6,"19":1,"20":7,"21":1,"22":6,"23":1},"f":{"0":59,"1":6,"2":6,"3":6,"4":6,"5":6,"6":6,"7":6,"8":7,"9":6},"b":{}}
}
