TN:
SF:src/utils/errors.ts
FN:2,(anonymous_0)
FN:14,(anonymous_1)
FN:20,(anonymous_2)
FN:26,(anonymous_3)
FN:32,(anonymous_4)
FN:38,(anonymous_5)
FN:44,(anonymous_6)
FN:54,(anonymous_7)
FN:60,(anonymous_8)
FN:66,(anonymous_9)
FNF:10
FNH:10
FNDA:59,(anonymous_0)
FNDA:6,(anonymous_1)
FNDA:6,(anonymous_2)
FNDA:6,(anonymous_3)
FNDA:6,(anonymous_4)
FNDA:6,(anonymous_5)
FNDA:6,(anonymous_6)
FNDA:6,(anonymous_7)
FNDA:7,(anonymous_8)
FNDA:6,(anonymous_9)
DA:1,1
DA:3,59
DA:4,59
DA:7,59
DA:8,59
DA:9,59
DA:13,1
DA:15,6
DA:19,1
DA:21,6
DA:25,1
DA:27,6
DA:31,1
DA:33,6
DA:37,1
DA:39,6
DA:43,1
DA:45,6
DA:53,1
DA:55,6
DA:59,1
DA:61,7
DA:65,1
DA:67,6
LF:24
LH:24
BRF:0
BRH:0
end_of_record
