TN:
SF:src/models/transaction.model.ts
FN:21,(anonymous_0)
FN:27,(anonymous_1)
FN:48,(anonymous_2)
FN:62,(anonymous_3)
FNF:4
FNH:4
FNDA:1,(anonymous_0)
FNDA:1,(anonymous_1)
FNDA:1,(anonymous_2)
FNDA:1,(anonymous_3)
DA:21,1
DA:22,1
DA:23,1
DA:24,1
DA:27,1
DA:28,1
DA:29,1
DA:30,1
DA:31,1
DA:32,1
DA:33,1
DA:48,1
DA:49,1
DA:50,1
DA:51,1
DA:62,1
DA:63,1
DA:64,1
DA:65,1
LF:19
LH:19
BRDA:21,0,0,1
BRDA:21,0,1,1
BRDA:27,1,0,1
BRDA:27,1,1,1
BRDA:48,2,0,1
BRDA:48,2,1,1
BRDA:62,3,0,1
BRDA:62,3,1,1
BRF:8
BRH:8
end_of_record
